<?xml version="1.0" encoding="UTF-8"?>
<testsuite name="com.example.project.TestDay2" tests="1" skipped="0" failures="0" errors="0" timestamp="2025-01-08T01:34:28" hostname="codespaces-4e8a5b" time="0.018">
  <properties/>
  <testcase name="testSortNames()" classname="com.example.project.TestDay2" time="0.018"/>
  <system-out><![CDATA[]]></system-out>
  <system-err><![CDATA[]]></system-err>
</testsuite>
