<?xml version="1.0" encoding="UTF-8"?>
<testsuite name="com.example.project.TestDay4" tests="4" skipped="0" failures="0" errors="0" timestamp="2025-01-08T01:34:28" hostname="codespaces-4e8a5b" time="0.055">
  <properties/>
  <testcase name="testSimulateRaceLongerDuration()" classname="com.example.project.TestDay4" time="0.007"/>
  <testcase name="testSimulateSecondRunning()" classname="com.example.project.TestDay4" time="0.018"/>
  <testcase name="testReindeerCreation()" classname="com.example.project.TestDay4" time="0.003"/>
  <testcase name="testSimulateRaceWithHardcodedReindeers()" classname="com.example.project.TestDay4" time="0.004"/>
  <system-out><![CDATA[]]></system-out>
  <system-err><![CDATA[]]></system-err>
</testsuite>
